-------------------------------------------------------------------------------
Test set: com.dewa.DewaApplicationTests
-------------------------------------------------------------------------------
Tests run: 1, Failures: 0, Errors: 1, Skipped: 0, Time elapsed: 0.228 s <<< FAILURE! - in com.dewa.DewaApplicationTests
com.dewa.DewaApplicationTests  Time elapsed: 0.226 s  <<< ERROR!
java.lang.IllegalStateException: Unable to find a @SpringBootConfiguration, you need to use @ContextConfiguration or @SpringBootTest(classes=...) with your test

