<?xml version="1.0" encoding="UTF-8"?>
<testsuite xmlns:xsi="http://www.w3.org/2001/XMLSchema-instance" xsi:noNamespaceSchemaLocation="https://maven.apache.org/surefire/maven-surefire-plugin/xsd/surefire-test-report.xsd" name="com.dewa.DewaApplicationTests" time="0.228" tests="1" errors="1" skipped="0" failures="0">
  <properties>
[...]
</properties>
  <testcase name="com.dewa.DewaApplicationTests" classname="com.dewa.DewaApplicationTests" time="0.226">
    <error message="Unable to find a @SpringBootConfiguration, you need to use @ContextConfiguration or @SpringBootTest(classes=...) with your test" type="java.lang.IllegalStateException">java.lang.IllegalStateException: Unable to find a @SpringBootConfiguration, you need to use @ContextConfiguration or @SpringBootTest(classes=...) with your test
</error>
    <system-out><![CDATA[11:47:33.977 [main] DEBUG org.springframework.test.context.BootstrapUtils - Instantiating CacheAwareContextLoaderDelegate from class [org.springframework.test.context.cache.DefaultCacheAwareContextLoaderDelegate]
11:47:33.985 [main] DEBUG org.springframework.test.context.BootstrapUtils - Instantiating BootstrapContext using constructor [public org.springframework.test.context.support.DefaultBootstrapContext(java.lang.Class,org.springframework.test.context.CacheAwareContextLoaderDelegate)]
11:47:34.010 [main] DEBUG org.springframework.test.context.BootstrapUtils - Instantiating TestContextBootstrapper for test class [com.dewa.DewaApplicationTests] from class [org.springframework.boot.test.context.SpringBootTestContextBootstrapper]
11:47:34.023 [main] INFO org.springframework.boot.test.context.SpringBootTestContextBootstrapper - Neither @ContextConfiguration nor @ContextHierarchy found for test class [com.dewa.DewaApplicationTests], using SpringBootContextLoader
11:47:34.025 [main] DEBUG org.springframework.test.context.support.AbstractContextLoader - Did not detect default resource location for test class [com.dewa.DewaApplicationTests]: class path resource [com/dewa/DewaApplicationTests-context.xml] does not exist
11:47:34.026 [main] DEBUG org.springframework.test.context.support.AbstractContextLoader - Did not detect default resource location for test class [com.dewa.DewaApplicationTests]: class path resource [com/dewa/DewaApplicationTestsContext.groovy] does not exist
11:47:34.026 [main] INFO org.springframework.test.context.support.AbstractContextLoader - Could not detect default resource locations for test class [com.dewa.DewaApplicationTests]: no resource found for suffixes {-context.xml, Context.groovy}.
11:47:34.026 [main] INFO org.springframework.test.context.support.AnnotationConfigContextLoaderUtils - Could not detect default configuration classes for test class [com.dewa.DewaApplicationTests]: DewaApplicationTests does not declare any static, non-private, non-final, nested classes annotated with @Configuration.
11:47:34.058 [main] DEBUG org.springframework.test.context.support.ActiveProfilesUtils - Could not find an 'annotation declaring class' for annotation type [org.springframework.test.context.ActiveProfiles] and class [com.dewa.DewaApplicationTests]
11:47:34.106 [main] DEBUG org.springframework.test.context.BootstrapUtils - Instantiating CacheAwareContextLoaderDelegate from class [org.springframework.test.context.cache.DefaultCacheAwareContextLoaderDelegate]
11:47:34.106 [main] DEBUG org.springframework.test.context.BootstrapUtils - Instantiating BootstrapContext using constructor [public org.springframework.test.context.support.DefaultBootstrapContext(java.lang.Class,org.springframework.test.context.CacheAwareContextLoaderDelegate)]
11:47:34.107 [main] DEBUG org.springframework.test.context.BootstrapUtils - Instantiating TestContextBootstrapper for test class [com.dewa.DewaApplicationTests] from class [org.springframework.boot.test.context.SpringBootTestContextBootstrapper]
11:47:34.108 [main] INFO org.springframework.boot.test.context.SpringBootTestContextBootstrapper - Neither @ContextConfiguration nor @ContextHierarchy found for test class [com.dewa.DewaApplicationTests], using SpringBootContextLoader
11:47:34.108 [main] DEBUG org.springframework.test.context.support.AbstractContextLoader - Did not detect default resource location for test class [com.dewa.DewaApplicationTests]: class path resource [com/dewa/DewaApplicationTests-context.xml] does not exist
11:47:34.109 [main] DEBUG org.springframework.test.context.support.AbstractContextLoader - Did not detect default resource location for test class [com.dewa.DewaApplicationTests]: class path resource [com/dewa/DewaApplicationTestsContext.groovy] does not exist
11:47:34.109 [main] INFO org.springframework.test.context.support.AbstractContextLoader - Could not detect default resource locations for test class [com.dewa.DewaApplicationTests]: no resource found for suffixes {-context.xml, Context.groovy}.
11:47:34.109 [main] INFO org.springframework.test.context.support.AnnotationConfigContextLoaderUtils - Could not detect default configuration classes for test class [com.dewa.DewaApplicationTests]: DewaApplicationTests does not declare any static, non-private, non-final, nested classes annotated with @Configuration.
11:47:34.112 [main] DEBUG org.springframework.test.context.support.ActiveProfilesUtils - Could not find an 'annotation declaring class' for annotation type [org.springframework.test.context.ActiveProfiles] and class [com.dewa.DewaApplicationTests]
11:47:34.127 [main] DEBUG org.springframework.test.context.BootstrapUtils - Instantiating CacheAwareContextLoaderDelegate from class [org.springframework.test.context.cache.DefaultCacheAwareContextLoaderDelegate]
11:47:34.127 [main] DEBUG org.springframework.test.context.BootstrapUtils - Instantiating BootstrapContext using constructor [public org.springframework.test.context.support.DefaultBootstrapContext(java.lang.Class,org.springframework.test.context.CacheAwareContextLoaderDelegate)]
11:47:34.128 [main] DEBUG org.springframework.test.context.BootstrapUtils - Instantiating TestContextBootstrapper for test class [com.dewa.DewaApplicationTests] from class [org.springframework.boot.test.context.SpringBootTestContextBootstrapper]
11:47:34.129 [main] INFO org.springframework.boot.test.context.SpringBootTestContextBootstrapper - Neither @ContextConfiguration nor @ContextHierarchy found for test class [com.dewa.DewaApplicationTests], using SpringBootContextLoader
11:47:34.130 [main] DEBUG org.springframework.test.context.support.AbstractContextLoader - Did not detect default resource location for test class [com.dewa.DewaApplicationTests]: class path resource [com/dewa/DewaApplicationTests-context.xml] does not exist
11:47:34.131 [main] DEBUG org.springframework.test.context.support.AbstractContextLoader - Did not detect default resource location for test class [com.dewa.DewaApplicationTests]: class path resource [com/dewa/DewaApplicationTestsContext.groovy] does not exist
11:47:34.131 [main] INFO org.springframework.test.context.support.AbstractContextLoader - Could not detect default resource locations for test class [com.dewa.DewaApplicationTests]: no resource found for suffixes {-context.xml, Context.groovy}.
11:47:34.131 [main] INFO org.springframework.test.context.support.AnnotationConfigContextLoaderUtils - Could not detect default configuration classes for test class [com.dewa.DewaApplicationTests]: DewaApplicationTests does not declare any static, non-private, non-final, nested classes annotated with @Configuration.
11:47:34.134 [main] DEBUG org.springframework.test.context.support.ActiveProfilesUtils - Could not find an 'annotation declaring class' for annotation type [org.springframework.test.context.ActiveProfiles] and class [com.dewa.DewaApplicationTests]
]]></system-out>
  </testcase>
</testsuite>